<?xml version="1.0" encoding="UTF-8"?>
<!-- Generated by org.testng.reporters.JUnitReportReporter -->
<testsuite hostname="CHETUIWK2155" failures="0" tests="1" name="Org.Google.VideoLink" time="13.522" errors="0" timestamp="2022-04-26T18:36:46 IST" skipped="0">
  <testcase classname="Org.Google.VideoLink" name="tooltip" time="13.522"/>
  <system-out/>
</testsuite> <!-- Org.Google.VideoLink -->
