<?xml version="1.0" encoding="UTF-8"?>
<!-- Generated by org.testng.reporters.JUnitReportReporter -->
<testsuite hostname="CHETUIWK2155" failures="0" tests="1" name="Org.Google.VideoIcon" time="11.480" errors="0" timestamp="2022-04-27T16:05:42 IST" skipped="0">
  <testcase classname="Org.Google.VideoIcon" name="tooltip" time="11.480"/>
  <system-out/>
</testsuite> <!-- Org.Google.VideoIcon -->
