<?xml version="1.0" encoding="UTF-8"?>
<!-- Generated by org.testng.reporters.JUnitReportReporter -->
<testsuite hostname="CHETUIWK504" failures="1" tests="1" name="Org.Google.IframeVideo" time="53.702" errors="0" timestamp="2022-04-18T23:11:12 IST" skipped="0">
  <testcase classname="Org.Google.IframeVideo" name="tooltip" time="53.702">
    <failure message="Element should be visible {[aria-label=&quot;Next Video&quot;]}
Element: &#039;&lt;button aria-label=&quot;Next Video&quot; class=&quot;StyledButton-sc-323bzc-0 lhTsoH sc-bczRLJ kTsqsv sc-fEOsli hgNEtx&quot; type=&quot;button&quot; displayed:false&gt;&lt;/button&gt;&#039;
Actual value: hidden
Screenshot: file:/C:/Users/parulj/eclipse-workspace/AutomationSelenideTest/build/reports/tests/1650303668113.0.png
Page source: file:/C:/Users/parulj/eclipse-workspace/AutomationSelenideTest/build/reports/tests/1650303668113.0.html
Timeout: 4 s." type="com.codeborne.selenide.ex.ElementShould">
      <![CDATA[Element should be visible {[aria-label="Next Video"]}
Element: '<button aria-label="Next Video" class="StyledButton-sc-323bzc-0 lhTsoH sc-bczRLJ kTsqsv sc-fEOsli hgNEtx" type="button" displayed:false></button>'
Actual value: hidden
Screenshot: file:/C:/Users/parulj/eclipse-workspace/AutomationSelenideTest/build/reports/tests/1650303668113.0.png
Page source: file:/C:/Users/parulj/eclipse-workspace/AutomationSelenideTest/build/reports/tests/1650303668113.0.html
Timeout: 4 s.
at com.codeborne.selenide.impl.WebElementSource.checkCondition(WebElementSource.java:131)
at com.codeborne.selenide.commands.Should.execute(Should.java:30)
at com.codeborne.selenide.commands.Should.execute(Should.java:14)
at com.codeborne.selenide.commands.Commands.execute(Commands.java:154)
at com.codeborne.selenide.impl.SelenideElementProxy.dispatchAndRetry(SelenideElementProxy.java:131)
at com.codeborne.selenide.impl.SelenideElementProxy.invoke(SelenideElementProxy.java:83)
at com.sun.proxy.$Proxy6.shouldBe(Unknown Source)
at Org.Google.IframeVideo.tooltip(IframeVideo.java:53)
at java.base/jdk.internal.reflect.NativeMethodAccessorImpl.invoke0(Native Method)
at java.base/jdk.internal.reflect.NativeMethodAccessorImpl.invoke(NativeMethodAccessorImpl.java:62)
at java.base/jdk.internal.reflect.DelegatingMethodAccessorImpl.invoke(DelegatingMethodAccessorImpl.java:43)
at java.base/java.lang.reflect.Method.invoke(Method.java:566)
at org.testng.internal.invokers.MethodInvocationHelper.invokeMethod(MethodInvocationHelper.java:135)
at org.testng.internal.invokers.TestInvoker.invokeMethod(TestInvoker.java:673)
at org.testng.internal.invokers.TestInvoker.invokeTestMethod(TestInvoker.java:220)
at org.testng.internal.invokers.MethodRunner.runInSequence(MethodRunner.java:50)
at org.testng.internal.invokers.TestInvoker$MethodInvocationAgent.invoke(TestInvoker.java:945)
at org.testng.internal.invokers.TestInvoker.invokeTestMethods(TestInvoker.java:193)
at org.testng.internal.invokers.TestMethodWorker.invokeTestMethods(TestMethodWorker.java:146)
at org.testng.internal.invokers.TestMethodWorker.run(TestMethodWorker.java:128)
at java.base/java.util.ArrayList.forEach(ArrayList.java:1541)
at org.testng.TestRunner.privateRun(TestRunner.java:808)
at org.testng.TestRunner.run(TestRunner.java:603)
at org.testng.SuiteRunner.runTest(SuiteRunner.java:429)
at org.testng.SuiteRunner.runSequentially(SuiteRunner.java:423)
at org.testng.SuiteRunner.privateRun(SuiteRunner.java:383)
at org.testng.SuiteRunner.run(SuiteRunner.java:326)
at org.testng.SuiteRunnerWorker.runSuite(SuiteRunnerWorker.java:52)
at org.testng.SuiteRunnerWorker.run(SuiteRunnerWorker.java:95)
at org.testng.TestNG.runSuitesSequentially(TestNG.java:1249)
at org.testng.TestNG.runSuitesLocally(TestNG.java:1169)
at org.testng.TestNG.runSuites(TestNG.java:1092)
at org.testng.TestNG.run(TestNG.java:1060)
at org.testng.remote.AbstractRemoteTestNG.run(AbstractRemoteTestNG.java:115)
at org.testng.remote.RemoteTestNG.initAndRun(RemoteTestNG.java:251)
at org.testng.remote.RemoteTestNG.main(RemoteTestNG.java:77)
]]>
    </failure>
  </testcase> <!-- tooltip -->
  <system-out/>
</testsuite> <!-- Org.Google.IframeVideo -->
