<?xml version="1.0" encoding="UTF-8"?>
<!-- Generated by org.testng.reporters.JUnitReportReporter -->
<testsuite hostname="CHETUIWK2155" failures="0" tests="3" name="listeners.TestNGListenersDemoFinish2" time="0.002" errors="0" timestamp="2022-05-12T22:18:36 IST" skipped="0">
  <testcase classname="listeners.TestNGListenersDemoFinish2" name="test4" time="0.000"/>
  <system-out/>
  <testcase classname="listeners.TestNGListenersDemoFinish2" name="test6" time="0.001"/>
  <system-out/>
  <testcase classname="listeners.TestNGListenersDemoFinish2" name="test5" time="0.001"/>
  <system-out/>
</testsuite> <!-- listeners.TestNGListenersDemoFinish2 -->
