<?xml version="1.0" encoding="UTF-8"?>
<!-- Generated by org.testng.reporters.JUnitReportReporter -->
<testsuite hostname="CHETUIWK504" failures="0" tests="1" name="Org.Google.JsAlertPopUp" time="14.024" errors="0" timestamp="2022-03-29T15:27:35 IST" skipped="0">
  <testcase classname="Org.Google.JsAlertPopUp" name="alertPopup" time="14.024"/>
  <system-out/>
</testsuite> <!-- Org.Google.JsAlertPopUp -->
