<?xml version="1.0" encoding="UTF-8"?>
<!-- Generated by org.testng.reporters.JUnitReportReporter -->
<testsuite hostname="CHETUIWK2155" failures="0" tests="1" name="Org.Google.CitableTest" time="128.784" errors="0" timestamp="2022-04-21T22:39:36 IST" skipped="0">
  <testcase classname="Org.Google.CitableTest" name="tooltip" time="128.784"/>
  <system-out/>
</testsuite> <!-- Org.Google.CitableTest -->
