<?xml version="1.0" encoding="UTF-8"?>
<!-- Generated by org.testng.reporters.JUnitReportReporter -->
<testsuite hostname="CHETUIWK504" failures="0" tests="1" name="Org.Google.FileElementConcept" time="33.907" errors="0" timestamp="2022-03-29T19:29:09 IST" skipped="0">
  <testcase classname="Org.Google.FileElementConcept" name="fileElement" time="33.907"/>
  <system-out/>
</testsuite> <!-- Org.Google.FileElementConcept -->
