<?xml version="1.0" encoding="UTF-8"?>
<!-- Generated by org.testng.reporters.JUnitReportReporter -->
<testsuite hostname="CHETUIWK2155" failures="0" tests="3" name="listeners.TestNGListenersDemoFinish" time="0.013" errors="0" timestamp="2022-05-13T20:21:08 IST" skipped="0">
  <testcase classname="listeners.TestNGListenersDemoFinish" name="test3" time="0.000"/>
  <system-out/>
  <testcase classname="listeners.TestNGListenersDemoFinish" name="test2" time="0.001"/>
  <system-out/>
  <testcase classname="listeners.TestNGListenersDemoFinish" name="test1" time="0.012"/>
  <system-out/>
</testsuite> <!-- listeners.TestNGListenersDemoFinish -->
