<?xml version="1.0" encoding="UTF-8"?>
<!-- Generated by org.testng.reporters.JUnitReportReporter -->
<testsuite hostname="CHETUIWK504" failures="0" tests="1" name="Org.Google.WebDriverRunnerTest" time="11.320" errors="0" timestamp="2022-03-28T23:15:51 IST" skipped="0">
  <testcase classname="Org.Google.WebDriverRunnerTest" name="testRunner" time="11.320"/>
  <system-out/>
</testsuite> <!-- Org.Google.WebDriverRunnerTest -->
