<?xml version="1.0" encoding="UTF-8"?>
<!-- Generated by org.testng.reporters.JUnitReportReporter -->
<testsuite hostname="CHETUIWK504" failures="0" tests="1" name="Org.Google.MetaData" time="35.733" errors="0" timestamp="2022-04-11T20:19:52 IST" skipped="0">
  <testcase classname="Org.Google.MetaData" name="tooltip" time="35.733"/>
  <system-out/>
</testsuite> <!-- Org.Google.MetaData -->
