<?xml version="1.0" encoding="UTF-8"?>
<!-- Generated by org.testng.reporters.JUnitReportReporter -->
<testsuite hostname="CHETUIWK2155" failures="0" tests="1" name="AutomationSelenide.AutomationSelenideTest.Demo" time="0.005" errors="0" timestamp="2022-05-13T22:38:19 IST" skipped="0">
  <testcase classname="AutomationSelenide.AutomationSelenideTest.Demo" name="Start" time="0.005"/>
  <system-out/>
</testsuite> <!-- AutomationSelenide.AutomationSelenideTest.Demo -->
