<?xml version="1.0" encoding="UTF-8"?>
<!-- Generated by org.testng.reporters.JUnitReportReporter -->
<testsuite hostname="CHETUIWK504" failures="0" tests="1" name="Org.Google.Iframe" time="26.081" errors="0" timestamp="2022-03-29T18:37:26 IST" skipped="0">
  <testcase classname="Org.Google.Iframe" name="handleIFrame" time="26.081"/>
  <system-out/>
</testsuite> <!-- Org.Google.Iframe -->
