<?xml version="1.0" encoding="UTF-8"?>
<!-- Generated by org.testng.reporters.JUnitReportReporter -->
<testsuite hostname="CHETUIWK2155" failures="0" tests="1" name="Org.Google.Citable" time="16.806" errors="0" timestamp="2022-04-26T12:52:18 IST" skipped="0">
  <testcase classname="Org.Google.Citable" name="tooltip" time="16.806"/>
  <system-out/>
</testsuite> <!-- Org.Google.Citable -->
