<?xml version="1.0" encoding="UTF-8"?>
<!-- Generated by org.testng.reporters.JUnitReportReporter -->
<testsuite hostname="CHETUIWK2155" failures="0" tests="1" name="Org.Google.ResourceCreator" time="22.494" errors="0" timestamp="2022-04-21T21:37:13 IST" skipped="0">
  <testcase classname="Org.Google.ResourceCreator" name="tooltip" time="22.494"/>
  <system-out/>
</testsuite> <!-- Org.Google.ResourceCreator -->
