<?xml version="1.0" encoding="UTF-8"?>
<!-- Generated by org.testng.reporters.JUnitReportReporter -->
<testsuite hostname="CHETUIWK504" failures="0" tests="1" name="Org.Google.AuthPopUp" time="16.709" errors="0" timestamp="2022-03-29T19:06:30 IST" skipped="0">
  <testcase classname="Org.Google.AuthPopUp" name="authPopUp" time="16.709"/>
  <system-out/>
</testsuite> <!-- Org.Google.AuthPopUp -->
