<?xml version="1.0" encoding="UTF-8"?>
<!-- Generated by org.testng.reporters.JUnitReportReporter -->
<testsuite hostname="CHETUIWK504" failures="0" tests="1" name="Org.Google.NavigationConcept" time="35.838" errors="0" timestamp="2022-03-28T22:22:08 IST" skipped="0">
  <testcase classname="Org.Google.NavigationConcept" name="navigateTest" time="35.838"/>
  <system-out/>
</testsuite> <!-- Org.Google.NavigationConcept -->
