<?xml version="1.0" encoding="UTF-8"?>
<!-- Generated by org.testng.reporters.JUnitReportReporter -->
<testsuite hostname="CHETUIWK2155" failures="0" tests="1" name="Org.Google.VideoLinkTest" time="16.685" errors="0" timestamp="2022-04-26T18:35:58 IST" skipped="0">
  <testcase classname="Org.Google.VideoLinkTest" name="tooltip" time="16.685"/>
  <system-out/>
</testsuite> <!-- Org.Google.VideoLinkTest -->
