<?xml version="1.0" encoding="UTF-8"?>
<!-- Generated by org.testng.reporters.JUnitReportReporter -->
<testsuite hostname="CHETUIWK504" failures="0" tests="1" name="Org.Google.CloseBrowser" time="24.010" errors="0" timestamp="2022-03-28T22:36:32 IST" skipped="0">
  <testcase classname="Org.Google.CloseBrowser" name="closebrowsertest" time="24.010"/>
  <system-out/>
</testsuite> <!-- Org.Google.CloseBrowser -->
