<?xml version="1.0" encoding="UTF-8"?>
<!-- Generated by org.testng.reporters.JUnitReportReporter -->
<testsuite hostname="CHETUIWK2155" failures="0" tests="1" name="Org.Google.VideoNavigate" time="41.085" errors="0" timestamp="2022-05-03T17:39:00 IST" skipped="0">
  <testcase classname="Org.Google.VideoNavigate" name="navigateVideo" time="41.085"/>
  <system-out/>
</testsuite> <!-- Org.Google.VideoNavigate -->
