<?xml version="1.0" encoding="UTF-8"?>
<!-- Generated by org.testng.reporters.JUnitReportReporter -->
<testsuite hostname="CHETUIWK2155" failures="0" tests="1" name="Org.Google.Demo" time="0.005" errors="0" timestamp="2022-05-13T20:23:42 IST" skipped="0">
  <testcase classname="Org.Google.Demo" name="test" time="0.005"/>
  <system-out/>
</testsuite> <!-- Org.Google.Demo -->
