<?xml version="1.0" encoding="UTF-8"?>
<!-- Generated by org.testng.reporters.JUnitReportReporter -->
<testsuite hostname="CHETUIWK504" failures="0" tests="1" name="Org.Google.AlertPractice" time="74.610" errors="0" timestamp="2022-03-29T16:10:19 IST" skipped="0">
  <testcase classname="Org.Google.AlertPractice" name="alertSendData" time="74.610"/>
  <system-out/>
</testsuite> <!-- Org.Google.AlertPractice -->
